[debug] [2025-11-14T20:02:48.500Z] ----------------------------------------------------------------------
[debug] [2025-11-14T20:02:48.501Z] Command:       /home/reyerchu/.nvm/versions/node/v20.19.5/bin/node /home/reyerchu/.nvm/versions/node/v20.19.5/bin/firebase deploy --only firestore:indexes --project hackathon-rwa-nexus
[debug] [2025-11-14T20:02:48.502Z] CLI Version:   14.25.0
[debug] [2025-11-14T20:02:48.502Z] Platform:      linux
[debug] [2025-11-14T20:02:48.502Z] Node Version:  v20.19.5
[debug] [2025-11-14T20:02:48.502Z] Time:          Sat Nov 15 2025 04:02:48 GMT+0800 (Taiwan Standard Time)
[debug] [2025-11-14T20:02:48.502Z] ----------------------------------------------------------------------
[debug] 
[debug] [2025-11-14T20:02:48.633Z] > command requires scopes: ["email","openid","https://www.googleapis.com/auth/cloudplatformprojects.readonly","https://www.googleapis.com/auth/firebase","https://www.googleapis.com/auth/cloud-platform"]
[debug] [2025-11-14T20:02:48.634Z] > authorizing via signed-in user (reyerchu@defintek.io)
[debug] [2025-11-14T20:02:48.634Z] [iam] checking project hackathon-rwa-nexus for permissions ["datastore.indexes.create","datastore.indexes.delete","datastore.indexes.list","datastore.indexes.update","firebase.projects.get"]
[debug] [2025-11-14T20:02:48.634Z] Checked if tokens are valid: true, expires at: 1763154166565
[debug] [2025-11-14T20:02:48.635Z] Checked if tokens are valid: true, expires at: 1763154166565
[debug] [2025-11-14T20:02:48.635Z] >>> [apiv2][query] POST https://cloudresourcemanager.googleapis.com/v1/projects/hackathon-rwa-nexus:testIamPermissions [none]
[debug] [2025-11-14T20:02:48.635Z] >>> [apiv2][(partial)header] POST https://cloudresourcemanager.googleapis.com/v1/projects/hackathon-rwa-nexus:testIamPermissions x-goog-quota-user=projects/hackathon-rwa-nexus
[debug] [2025-11-14T20:02:48.635Z] >>> [apiv2][body] POST https://cloudresourcemanager.googleapis.com/v1/projects/hackathon-rwa-nexus:testIamPermissions {"permissions":["datastore.indexes.create","datastore.indexes.delete","datastore.indexes.list","datastore.indexes.update","firebase.projects.get"]}
[debug] [2025-11-14T20:02:48.957Z] <<< [apiv2][status] POST https://cloudresourcemanager.googleapis.com/v1/projects/hackathon-rwa-nexus:testIamPermissions 200
[debug] [2025-11-14T20:02:48.958Z] <<< [apiv2][body] POST https://cloudresourcemanager.googleapis.com/v1/projects/hackathon-rwa-nexus:testIamPermissions {"permissions":["datastore.indexes.create","datastore.indexes.delete","datastore.indexes.list","datastore.indexes.update","firebase.projects.get"]}
[info] 
[info] === Deploying to 'hackathon-rwa-nexus'...
[info] 
[info] i  deploying firestore 
[info] i  firestore: ensuring required API firestore.googleapis.com is enabled... 
[debug] [2025-11-14T20:02:48.959Z] Checked if tokens are valid: true, expires at: 1763154166565
[debug] [2025-11-14T20:02:48.959Z] Checked if tokens are valid: true, expires at: 1763154166565
[debug] [2025-11-14T20:02:48.960Z] >>> [apiv2][query] GET https://serviceusage.googleapis.com/v1/projects/hackathon-rwa-nexus/services/firestore.googleapis.com [none]
[debug] [2025-11-14T20:02:48.960Z] >>> [apiv2][(partial)header] GET https://serviceusage.googleapis.com/v1/projects/hackathon-rwa-nexus/services/firestore.googleapis.com x-goog-quota-user=projects/hackathon-rwa-nexus
[debug] [2025-11-14T20:02:49.632Z] <<< [apiv2][status] GET https://serviceusage.googleapis.com/v1/projects/hackathon-rwa-nexus/services/firestore.googleapis.com 200
[debug] [2025-11-14T20:02:49.633Z] <<< [apiv2][body] GET https://serviceusage.googleapis.com/v1/projects/hackathon-rwa-nexus/services/firestore.googleapis.com [omitted]
[info] ✔  firestore: required API firestore.googleapis.com is enabled 
[info] i  firestore: ensuring required API firestore.googleapis.com is enabled... 
[debug] [2025-11-14T20:02:49.635Z] Checked if tokens are valid: true, expires at: 1763154166565
[debug] [2025-11-14T20:02:49.635Z] Checked if tokens are valid: true, expires at: 1763154166565
[debug] [2025-11-14T20:02:49.635Z] >>> [apiv2][query] GET https://firestore.googleapis.com/v1/projects/hackathon-rwa-nexus/databases/(default) [none]
[debug] [2025-11-14T20:02:50.708Z] <<< [apiv2][status] GET https://firestore.googleapis.com/v1/projects/hackathon-rwa-nexus/databases/(default) 200
[debug] [2025-11-14T20:02:50.708Z] <<< [apiv2][body] GET https://firestore.googleapis.com/v1/projects/hackathon-rwa-nexus/databases/(default) {"name":"projects/hackathon-rwa-nexus/databases/(default)","uid":"3f40189f-489e-4068-baf7-852bf105aaf9","createTime":"2025-09-30T23:39:54.456445Z","updateTime":"2025-09-30T23:39:54.456445Z","locationId":"nam5","type":"FIRESTORE_NATIVE","concurrencyMode":"PESSIMISTIC","versionRetentionPeriod":"3600s","earliestVersionTime":"2025-11-14T19:02:50.635631Z","appEngineIntegrationMode":"DISABLED","keyPrefix":"s","pointInTimeRecoveryEnablement":"POINT_IN_TIME_RECOVERY_DISABLED","deleteProtectionState":"DELETE_PROTECTION_DISABLED","databaseEdition":"STANDARD","freeTier":true,"realtimeUpdatesMode":"REALTIME_UPDATES_MODE_ENABLED","etag":"IIb9ytu38pADMJTaxrbdjZAD"}
[info] i  firestore: reading indexes from firestore.indexes.json... 
[info] i  firestore: deploying indexes... 
[debug] [2025-11-14T20:02:50.710Z] Checked if tokens are valid: true, expires at: 1763154166565
[debug] [2025-11-14T20:02:50.710Z] Checked if tokens are valid: true, expires at: 1763154166565
[debug] [2025-11-14T20:02:50.710Z] >>> [apiv2][query] GET https://firestore.googleapis.com/v1/projects/hackathon-rwa-nexus/databases/(default)/collectionGroups/-/indexes [none]
[debug] [2025-11-14T20:02:50.943Z] <<< [apiv2][status] GET https://firestore.googleapis.com/v1/projects/hackathon-rwa-nexus/databases/(default)/collectionGroups/-/indexes 200
[debug] [2025-11-14T20:02:50.943Z] <<< [apiv2][body] GET https://firestore.googleapis.com/v1/projects/hackathon-rwa-nexus/databases/(default)/collectionGroups/-/indexes {"indexes":[{"name":"projects/hackathon-rwa-nexus/databases/(default)/collectionGroups/teamNeeds/indexes/CICAgOjXh4EK","queryScope":"COLLECTION","fields":[{"fieldPath":"isHidden","order":"ASCENDING"},{"fieldPath":"updatedAt","order":"DESCENDING"},{"fieldPath":"__name__","order":"DESCENDING"}],"state":"READY","density":"SPARSE_ALL"},{"name":"projects/hackathon-rwa-nexus/databases/(default)/collectionGroups/team-delete-requests/indexes/CICAgNiroIEK","queryScope":"COLLECTION","fields":[{"fieldPath":"status","order":"ASCENDING"},{"fieldPath":"requestedAt","order":"DESCENDING"},{"fieldPath":"__name__","order":"DESCENDING"}],"state":"READY","density":"SPARSE_ALL"},{"name":"projects/hackathon-rwa-nexus/databases/(default)/collectionGroups/teamNeeds/indexes/CICAgNjpgYIK","queryScope":"COLLECTION","fields":[{"fieldPath":"rolesNeeded","arrayConfig":"CONTAINS"},{"fieldPath":"isHidden","order":"ASCENDING"},{"fieldPath":"isOpen","order":"ASCENDING"},{"fieldPath":"updatedAt","order":"DESCENDING"},{"fieldPath":"__name__","order":"DESCENDING"}],"state":"READY","density":"SPARSE_ALL"},{"name":"projects/hackathon-rwa-nexus/databases/(default)/collectionGroups/sponsor-notifications/indexes/CICAgLiIkYMK","queryScope":"COLLECTION","fields":[{"fieldPath":"recipientId","order":"ASCENDING"},{"fieldPath":"createdAt","order":"DESCENDING"},{"fieldPath":"__name__","order":"DESCENDING"}],"state":"READY","density":"SPARSE_ALL"},{"name":"projects/hackathon-rwa-nexus/databases/(default)/collectionGroups/teamNeeds/indexes/CICAgJiUpoMK","queryScope":"COLLECTION","fields":[{"fieldPath":"ownerUserId","order":"ASCENDING"},{"fieldPath":"createdAt","order":"DESCENDING"},{"fieldPath":"__name__","order":"DESCENDING"}],"state":"READY","density":"SPARSE_ALL"},{"name":"projects/hackathon-rwa-nexus/databases/(default)/collectionGroups/teamApplications/indexes/CICAgOi3kJAK","queryScope":"COLLECTION","fields":[{"fieldPath":"applicantUserId","order":"ASCENDING"},{"fieldPath":"createdAt","order":"DESCENDING"},{"fieldPath":"__name__","order":"DESCENDING"}],"state":"READY","density":"SPARSE_ALL"},{"name":"projects/hackathon-rwa-nexus/databases/(default)/collectionGroups/sponsor-notifications/indexes/CICAgJjmiJEK","queryScope":"COLLECTION","fields":[{"fieldPath":"recipientId","order":"ASCENDING"},{"fieldPath":"isRead","order":"ASCENDING"},{"fieldPath":"createdAt","order":"DESCENDING"},{"fieldPath":"__name__","order":"DESCENDING"}],"state":"READY","density":"SPARSE_ALL"},{"name":"projects/hackathon-rwa-nexus/databases/(default)/collectionGroups/teamNeeds/indexes/CICAgJiUsZIK","queryScope":"COLLECTION","fields":[{"fieldPath":"isHidden","order":"ASCENDING"},{"fieldPath":"isOpen","order":"ASCENDING"},{"fieldPath":"updatedAt","order":"DESCENDING"},{"fieldPath":"__name__","order":"DESCENDING"}],"state":"READY","density":"SPARSE_ALL"},{"name":"projects/hackathon-rwa-nexus/databases/(default)/collectionGroups/teamNeeds/indexes/CICAgJjFqZMK","queryScope":"COLLECTION","fields":[{"fieldPath":"isHidden","order":"ASCENDING"},{"fieldPath":"ownerUserId","order":"ASCENDING"},{"fieldPath":"createdAt","order":"DESCENDING"},{"fieldPath":"__name__","order":"DESCENDING"}],"state":"READY","density":"SPARSE_ALL"}]}
[debug] [2025-11-14T20:02:50.944Z] Checked if tokens are valid: true, expires at: 1763154166565
[debug] [2025-11-14T20:02:50.944Z] Checked if tokens are valid: true, expires at: 1763154166565
[debug] [2025-11-14T20:02:50.944Z] >>> [apiv2][query] GET https://firestore.googleapis.com/v1/projects/hackathon-rwa-nexus/databases/(default)/collectionGroups/-/fields?filter=indexConfig.usesAncestorConfig=false OR ttlConfig:* [none]
[debug] [2025-11-14T20:02:51.170Z] <<< [apiv2][status] GET https://firestore.googleapis.com/v1/projects/hackathon-rwa-nexus/databases/(default)/collectionGroups/-/fields?filter=indexConfig.usesAncestorConfig=false OR ttlConfig:* 200
[debug] [2025-11-14T20:02:51.170Z] <<< [apiv2][body] GET https://firestore.googleapis.com/v1/projects/hackathon-rwa-nexus/databases/(default)/collectionGroups/-/fields?filter=indexConfig.usesAncestorConfig=false OR ttlConfig:* {"fields":[{"name":"projects/hackathon-rwa-nexus/databases/(default)/collectionGroups/__default__/fields/*","indexConfig":{"indexes":[{"queryScope":"COLLECTION","fields":[{"fieldPath":"*","order":"ASCENDING"}],"state":"READY"},{"queryScope":"COLLECTION","fields":[{"fieldPath":"*","order":"DESCENDING"}],"state":"READY"},{"queryScope":"COLLECTION","fields":[{"fieldPath":"*","arrayConfig":"CONTAINS"}],"state":"READY"}]}}]}
[debug] [2025-11-14T20:02:51.170Z] Checked if tokens are valid: true, expires at: 1763154166565
[debug] [2025-11-14T20:02:51.170Z] Checked if tokens are valid: true, expires at: 1763154166565
[debug] [2025-11-14T20:02:51.170Z] >>> [apiv2][query] GET https://firestore.googleapis.com/v1/projects/hackathon-rwa-nexus/databases/(default) [none]
[debug] [2025-11-14T20:02:51.384Z] <<< [apiv2][status] GET https://firestore.googleapis.com/v1/projects/hackathon-rwa-nexus/databases/(default) 200
[debug] [2025-11-14T20:02:51.384Z] <<< [apiv2][body] GET https://firestore.googleapis.com/v1/projects/hackathon-rwa-nexus/databases/(default) {"name":"projects/hackathon-rwa-nexus/databases/(default)","uid":"3f40189f-489e-4068-baf7-852bf105aaf9","createTime":"2025-09-30T23:39:54.456445Z","updateTime":"2025-09-30T23:39:54.456445Z","locationId":"nam5","type":"FIRESTORE_NATIVE","concurrencyMode":"PESSIMISTIC","versionRetentionPeriod":"3600s","earliestVersionTime":"2025-11-14T19:02:51.311636Z","appEngineIntegrationMode":"DISABLED","keyPrefix":"s","pointInTimeRecoveryEnablement":"POINT_IN_TIME_RECOVERY_DISABLED","deleteProtectionState":"DELETE_PROTECTION_DISABLED","databaseEdition":"STANDARD","freeTier":true,"realtimeUpdatesMode":"REALTIME_UPDATES_MODE_ENABLED","etag":"IMif9Nu38pADMJTaxrbdjZAD"}
[info] i  firestore: The following indexes are defined in your project but are not present in your firestore indexes file:
	(teamNeeds) -- (isHidden,ASCENDING) (updatedAt,DESCENDING)  -- Density:SPARSE_ALL 
	(team-delete-requests) -- (status,ASCENDING) (requestedAt,DESCENDING)  -- Density:SPARSE_ALL 
	(teamNeeds) -- (rolesNeeded,CONTAINS) (isHidden,ASCENDING) (isOpen,ASCENDING) (updatedAt,DESCENDING)  -- Density:SPARSE_ALL 
	(sponsor-notifications) -- (recipientId,ASCENDING) (createdAt,DESCENDING)  -- Density:SPARSE_ALL 
	(teamNeeds) -- (ownerUserId,ASCENDING) (createdAt,DESCENDING)  -- Density:SPARSE_ALL 
	(teamApplications) -- (applicantUserId,ASCENDING) (createdAt,DESCENDING)  -- Density:SPARSE_ALL 
	(sponsor-notifications) -- (recipientId,ASCENDING) (isRead,ASCENDING) (createdAt,DESCENDING)  -- Density:SPARSE_ALL 
	(teamNeeds) -- (isHidden,ASCENDING) (isOpen,ASCENDING) (updatedAt,DESCENDING)  -- Density:SPARSE_ALL 
	(teamNeeds) -- (isHidden,ASCENDING) (ownerUserId,ASCENDING) (createdAt,DESCENDING)  -- Density:SPARSE_ALL  
[debug] [2025-11-14T20:03:10.543Z] Creating new index: {"collectionGroup":"team-submissions","queryScope":"COLLECTION","fields":[{"fieldPath":"challengeId","order":"ASCENDING"},{"fieldPath":"status","order":"ASCENDING"},{"fieldPath":"submittedAt","order":"DESCENDING"}]}
[debug] [2025-11-14T20:03:10.543Z] Checked if tokens are valid: true, expires at: 1763154166565
[debug] [2025-11-14T20:03:10.543Z] Checked if tokens are valid: true, expires at: 1763154166565
[debug] [2025-11-14T20:03:10.543Z] >>> [apiv2][query] POST https://firestore.googleapis.com/v1/projects/hackathon-rwa-nexus/databases/(default)/collectionGroups/team-submissions/indexes [none]
[debug] [2025-11-14T20:03:10.543Z] >>> [apiv2][body] POST https://firestore.googleapis.com/v1/projects/hackathon-rwa-nexus/databases/(default)/collectionGroups/team-submissions/indexes {"fields":[{"fieldPath":"challengeId","order":"ASCENDING"},{"fieldPath":"status","order":"ASCENDING"},{"fieldPath":"submittedAt","order":"DESCENDING"}],"queryScope":"COLLECTION"}
[debug] [2025-11-14T20:04:02.679Z] <<< [apiv2][status] POST https://firestore.googleapis.com/v1/projects/hackathon-rwa-nexus/databases/(default)/collectionGroups/team-submissions/indexes 200
[debug] [2025-11-14T20:04:02.679Z] <<< [apiv2][body] POST https://firestore.googleapis.com/v1/projects/hackathon-rwa-nexus/databases/(default)/collectionGroups/team-submissions/indexes {"name":"projects/hackathon-rwa-nexus/databases/(default)/operations/S2tvZ0hpSmdBQ0lDDCoDIDgzMTFmMzFkYWFmNC1hYjQ5LTNhNTQtMDM4MS01NWI1NjA3ZSQac2VuaWxlcGlwCQpBEg","metadata":{"@type":"type.googleapis.com/google.firestore.admin.v1.IndexOperationMetadata","startTime":"2025-11-14T20:03:11.603190Z","index":"projects/hackathon-rwa-nexus/databases/(default)/collectionGroups/team-submissions/indexes/CICAgJiHgokK","state":"INITIALIZING"}}
[debug] [2025-11-14T20:04:02.680Z] Creating new index: {"collectionGroup":"team-submissions","queryScope":"COLLECTION","fields":[{"fieldPath":"projectTrack","order":"ASCENDING"},{"fieldPath":"averageScore","order":"DESCENDING"}]}
[debug] [2025-11-14T20:04:02.680Z] Checked if tokens are valid: true, expires at: 1763154166565
[debug] [2025-11-14T20:04:02.680Z] Checked if tokens are valid: true, expires at: 1763154166565
[debug] [2025-11-14T20:04:02.680Z] >>> [apiv2][query] POST https://firestore.googleapis.com/v1/projects/hackathon-rwa-nexus/databases/(default)/collectionGroups/team-submissions/indexes [none]
[debug] [2025-11-14T20:04:02.680Z] >>> [apiv2][body] POST https://firestore.googleapis.com/v1/projects/hackathon-rwa-nexus/databases/(default)/collectionGroups/team-submissions/indexes {"fields":[{"fieldPath":"projectTrack","order":"ASCENDING"},{"fieldPath":"averageScore","order":"DESCENDING"}],"queryScope":"COLLECTION"}
[debug] [2025-11-14T20:05:02.487Z] <<< [apiv2][status] POST https://firestore.googleapis.com/v1/projects/hackathon-rwa-nexus/databases/(default)/collectionGroups/team-submissions/indexes 500
[debug] [2025-11-14T20:05:02.487Z] <<< [apiv2][body] POST https://firestore.googleapis.com/v1/projects/hackathon-rwa-nexus/databases/(default)/collectionGroups/team-submissions/indexes {"error":{"code":500,"message":"Internal error encountered.","status":"INTERNAL"}}
[error] 
[error] Error: Request to https://firestore.googleapis.com/v1/projects/hackathon-rwa-nexus/databases/(default)/collectionGroups/team-submissions/indexes had HTTP Error: 500, Internal error encountered.
[debug] [2025-11-14T20:05:02.517Z] Error Context: {
  "body": {
    "error": {
      "code": 500,
      "message": "Internal error encountered.",
      "status": "INTERNAL"
    }
  },
  "response": {
    "statusCode": 500
  }
}
[debug] [2025-11-14T20:05:24.615Z] ----------------------------------------------------------------------
[debug] [2025-11-14T20:05:24.617Z] Command:       /home/reyerchu/.nvm/versions/node/v20.19.5/bin/node /home/reyerchu/.nvm/versions/node/v20.19.5/bin/firebase deploy --only firestore:indexes --project hackathon-rwa-nexus
[debug] [2025-11-14T20:05:24.617Z] CLI Version:   14.25.0
[debug] [2025-11-14T20:05:24.617Z] Platform:      linux
[debug] [2025-11-14T20:05:24.617Z] Node Version:  v20.19.5
[debug] [2025-11-14T20:05:24.617Z] Time:          Sat Nov 15 2025 04:05:24 GMT+0800 (Taiwan Standard Time)
[debug] [2025-11-14T20:05:24.617Z] ----------------------------------------------------------------------
[debug] 
[debug] [2025-11-14T20:05:24.751Z] > command requires scopes: ["email","openid","https://www.googleapis.com/auth/cloudplatformprojects.readonly","https://www.googleapis.com/auth/firebase","https://www.googleapis.com/auth/cloud-platform"]
[debug] [2025-11-14T20:05:24.751Z] > authorizing via signed-in user (reyerchu@defintek.io)
[debug] [2025-11-14T20:05:24.751Z] [iam] checking project hackathon-rwa-nexus for permissions ["datastore.indexes.create","datastore.indexes.delete","datastore.indexes.list","datastore.indexes.update","firebase.projects.get"]
[debug] [2025-11-14T20:05:24.752Z] Checked if tokens are valid: true, expires at: 1763154166565
[debug] [2025-11-14T20:05:24.752Z] Checked if tokens are valid: true, expires at: 1763154166565
[debug] [2025-11-14T20:05:24.753Z] >>> [apiv2][query] POST https://cloudresourcemanager.googleapis.com/v1/projects/hackathon-rwa-nexus:testIamPermissions [none]
[debug] [2025-11-14T20:05:24.753Z] >>> [apiv2][(partial)header] POST https://cloudresourcemanager.googleapis.com/v1/projects/hackathon-rwa-nexus:testIamPermissions x-goog-quota-user=projects/hackathon-rwa-nexus
[debug] [2025-11-14T20:05:24.753Z] >>> [apiv2][body] POST https://cloudresourcemanager.googleapis.com/v1/projects/hackathon-rwa-nexus:testIamPermissions {"permissions":["datastore.indexes.create","datastore.indexes.delete","datastore.indexes.list","datastore.indexes.update","firebase.projects.get"]}
[debug] [2025-11-14T20:05:24.983Z] <<< [apiv2][status] POST https://cloudresourcemanager.googleapis.com/v1/projects/hackathon-rwa-nexus:testIamPermissions 200
[debug] [2025-11-14T20:05:24.983Z] <<< [apiv2][body] POST https://cloudresourcemanager.googleapis.com/v1/projects/hackathon-rwa-nexus:testIamPermissions {"permissions":["datastore.indexes.create","datastore.indexes.delete","datastore.indexes.list","datastore.indexes.update","firebase.projects.get"]}
[info] 
[info] === Deploying to 'hackathon-rwa-nexus'...
[info] 
[info] i  deploying firestore 
[info] i  firestore: ensuring required API firestore.googleapis.com is enabled... 
[info] i  firestore: ensuring required API firestore.googleapis.com is enabled... 
[debug] [2025-11-14T20:05:24.986Z] Checked if tokens are valid: true, expires at: 1763154166565
[debug] [2025-11-14T20:05:24.986Z] Checked if tokens are valid: true, expires at: 1763154166565
[debug] [2025-11-14T20:05:24.986Z] >>> [apiv2][query] GET https://firestore.googleapis.com/v1/projects/hackathon-rwa-nexus/databases/(default) [none]
[debug] [2025-11-14T20:05:26.032Z] <<< [apiv2][status] GET https://firestore.googleapis.com/v1/projects/hackathon-rwa-nexus/databases/(default) 200
[debug] [2025-11-14T20:05:26.032Z] <<< [apiv2][body] GET https://firestore.googleapis.com/v1/projects/hackathon-rwa-nexus/databases/(default) {"name":"projects/hackathon-rwa-nexus/databases/(default)","uid":"3f40189f-489e-4068-baf7-852bf105aaf9","createTime":"2025-09-30T23:39:54.456445Z","updateTime":"2025-09-30T23:39:54.456445Z","locationId":"nam5","type":"FIRESTORE_NATIVE","concurrencyMode":"PESSIMISTIC","versionRetentionPeriod":"3600s","earliestVersionTime":"2025-11-14T19:05:25.959756Z","appEngineIntegrationMode":"DISABLED","keyPrefix":"s","pointInTimeRecoveryEnablement":"POINT_IN_TIME_RECOVERY_DISABLED","deleteProtectionState":"DELETE_PROTECTION_DISABLED","databaseEdition":"STANDARD","freeTier":true,"realtimeUpdatesMode":"REALTIME_UPDATES_MODE_ENABLED","etag":"IJab06W48pADMJTaxrbdjZAD"}
[info] i  firestore: reading indexes from firestore.indexes.json... 
[info] i  firestore: deploying indexes... 
[debug] [2025-11-14T20:05:26.034Z] Checked if tokens are valid: true, expires at: 1763154166565
[debug] [2025-11-14T20:05:26.034Z] Checked if tokens are valid: true, expires at: 1763154166565
[debug] [2025-11-14T20:05:26.034Z] >>> [apiv2][query] GET https://firestore.googleapis.com/v1/projects/hackathon-rwa-nexus/databases/(default)/collectionGroups/-/indexes [none]
[debug] [2025-11-14T20:05:26.263Z] <<< [apiv2][status] GET https://firestore.googleapis.com/v1/projects/hackathon-rwa-nexus/databases/(default)/collectionGroups/-/indexes 200
[debug] [2025-11-14T20:05:26.263Z] <<< [apiv2][body] GET https://firestore.googleapis.com/v1/projects/hackathon-rwa-nexus/databases/(default)/collectionGroups/-/indexes {"indexes":[{"name":"projects/hackathon-rwa-nexus/databases/(default)/collectionGroups/teamNeeds/indexes/CICAgOjXh4EK","queryScope":"COLLECTION","fields":[{"fieldPath":"isHidden","order":"ASCENDING"},{"fieldPath":"updatedAt","order":"DESCENDING"},{"fieldPath":"__name__","order":"DESCENDING"}],"state":"READY","density":"SPARSE_ALL"},{"name":"projects/hackathon-rwa-nexus/databases/(default)/collectionGroups/team-delete-requests/indexes/CICAgNiroIEK","queryScope":"COLLECTION","fields":[{"fieldPath":"status","order":"ASCENDING"},{"fieldPath":"requestedAt","order":"DESCENDING"},{"fieldPath":"__name__","order":"DESCENDING"}],"state":"READY","density":"SPARSE_ALL"},{"name":"projects/hackathon-rwa-nexus/databases/(default)/collectionGroups/teamNeeds/indexes/CICAgNjpgYIK","queryScope":"COLLECTION","fields":[{"fieldPath":"rolesNeeded","arrayConfig":"CONTAINS"},{"fieldPath":"isHidden","order":"ASCENDING"},{"fieldPath":"isOpen","order":"ASCENDING"},{"fieldPath":"updatedAt","order":"DESCENDING"},{"fieldPath":"__name__","order":"DESCENDING"}],"state":"READY","density":"SPARSE_ALL"},{"name":"projects/hackathon-rwa-nexus/databases/(default)/collectionGroups/sponsor-notifications/indexes/CICAgLiIkYMK","queryScope":"COLLECTION","fields":[{"fieldPath":"recipientId","order":"ASCENDING"},{"fieldPath":"createdAt","order":"DESCENDING"},{"fieldPath":"__name__","order":"DESCENDING"}],"state":"READY","density":"SPARSE_ALL"},{"name":"projects/hackathon-rwa-nexus/databases/(default)/collectionGroups/teamNeeds/indexes/CICAgJiUpoMK","queryScope":"COLLECTION","fields":[{"fieldPath":"ownerUserId","order":"ASCENDING"},{"fieldPath":"createdAt","order":"DESCENDING"},{"fieldPath":"__name__","order":"DESCENDING"}],"state":"READY","density":"SPARSE_ALL"},{"name":"projects/hackathon-rwa-nexus/databases/(default)/collectionGroups/team-submissions/indexes/CICAgJiHgokK","queryScope":"COLLECTION","fields":[{"fieldPath":"challengeId","order":"ASCENDING"},{"fieldPath":"status","order":"ASCENDING"},{"fieldPath":"submittedAt","order":"DESCENDING"},{"fieldPath":"__name__","order":"DESCENDING"}],"state":"CREATING","density":"SPARSE_ALL"},{"name":"projects/hackathon-rwa-nexus/databases/(default)/collectionGroups/teamApplications/indexes/CICAgOi3kJAK","queryScope":"COLLECTION","fields":[{"fieldPath":"applicantUserId","order":"ASCENDING"},{"fieldPath":"createdAt","order":"DESCENDING"},{"fieldPath":"__name__","order":"DESCENDING"}],"state":"READY","density":"SPARSE_ALL"},{"name":"projects/hackathon-rwa-nexus/databases/(default)/collectionGroups/sponsor-notifications/indexes/CICAgJjmiJEK","queryScope":"COLLECTION","fields":[{"fieldPath":"recipientId","order":"ASCENDING"},{"fieldPath":"isRead","order":"ASCENDING"},{"fieldPath":"createdAt","order":"DESCENDING"},{"fieldPath":"__name__","order":"DESCENDING"}],"state":"READY","density":"SPARSE_ALL"},{"name":"projects/hackathon-rwa-nexus/databases/(default)/collectionGroups/team-submissions/indexes/CICAgNjaxJEK","queryScope":"COLLECTION","fields":[{"fieldPath":"projectTrack","order":"ASCENDING"},{"fieldPath":"averageScore","order":"DESCENDING"},{"fieldPath":"__name__","order":"DESCENDING"}],"state":"CREATING","density":"SPARSE_ALL"},{"name":"projects/hackathon-rwa-nexus/databases/(default)/collectionGroups/teamNeeds/indexes/CICAgJiUsZIK","queryScope":"COLLECTION","fields":[{"fieldPath":"isHidden","order":"ASCENDING"},{"fieldPath":"isOpen","order":"ASCENDING"},{"fieldPath":"updatedAt","order":"DESCENDING"},{"fieldPath":"__name__","order":"DESCENDING"}],"state":"READY","density":"SPARSE_ALL"},{"name":"projects/hackathon-rwa-nexus/databases/(default)/collectionGroups/teamNeeds/indexes/CICAgJjFqZMK","queryScope":"COLLECTION","fields":[{"fieldPath":"isHidden","order":"ASCENDING"},{"fieldPath":"ownerUserId","order":"ASCENDING"},{"fieldPath":"createdAt","order":"DESCENDING"},{"fieldPath":"__name__","order":"DESCENDING"}],"state":"READY","density":"SPARSE_ALL"}]}
[debug] [2025-11-14T20:05:26.263Z] Checked if tokens are valid: true, expires at: 1763154166565
[debug] [2025-11-14T20:05:26.263Z] Checked if tokens are valid: true, expires at: 1763154166565
[debug] [2025-11-14T20:05:26.263Z] >>> [apiv2][query] GET https://firestore.googleapis.com/v1/projects/hackathon-rwa-nexus/databases/(default)/collectionGroups/-/fields?filter=indexConfig.usesAncestorConfig=false OR ttlConfig:* [none]
[debug] [2025-11-14T20:05:26.471Z] <<< [apiv2][status] GET https://firestore.googleapis.com/v1/projects/hackathon-rwa-nexus/databases/(default)/collectionGroups/-/fields?filter=indexConfig.usesAncestorConfig=false OR ttlConfig:* 200
[debug] [2025-11-14T20:05:26.471Z] <<< [apiv2][body] GET https://firestore.googleapis.com/v1/projects/hackathon-rwa-nexus/databases/(default)/collectionGroups/-/fields?filter=indexConfig.usesAncestorConfig=false OR ttlConfig:* {"fields":[{"name":"projects/hackathon-rwa-nexus/databases/(default)/collectionGroups/__default__/fields/*","indexConfig":{"indexes":[{"queryScope":"COLLECTION","fields":[{"fieldPath":"*","order":"ASCENDING"}],"state":"READY"},{"queryScope":"COLLECTION","fields":[{"fieldPath":"*","order":"DESCENDING"}],"state":"READY"},{"queryScope":"COLLECTION","fields":[{"fieldPath":"*","arrayConfig":"CONTAINS"}],"state":"READY"}]}}]}
[debug] [2025-11-14T20:05:26.471Z] Checked if tokens are valid: true, expires at: 1763154166565
[debug] [2025-11-14T20:05:26.471Z] Checked if tokens are valid: true, expires at: 1763154166565
[debug] [2025-11-14T20:05:26.471Z] >>> [apiv2][query] GET https://firestore.googleapis.com/v1/projects/hackathon-rwa-nexus/databases/(default) [none]
[debug] [2025-11-14T20:05:26.670Z] <<< [apiv2][status] GET https://firestore.googleapis.com/v1/projects/hackathon-rwa-nexus/databases/(default) 200
[debug] [2025-11-14T20:05:26.670Z] <<< [apiv2][body] GET https://firestore.googleapis.com/v1/projects/hackathon-rwa-nexus/databases/(default) {"name":"projects/hackathon-rwa-nexus/databases/(default)","uid":"3f40189f-489e-4068-baf7-852bf105aaf9","createTime":"2025-09-30T23:39:54.456445Z","updateTime":"2025-09-30T23:39:54.456445Z","locationId":"nam5","type":"FIRESTORE_NATIVE","concurrencyMode":"PESSIMISTIC","versionRetentionPeriod":"3600s","earliestVersionTime":"2025-11-14T19:05:26.598006Z","appEngineIntegrationMode":"DISABLED","keyPrefix":"s","pointInTimeRecoveryEnablement":"POINT_IN_TIME_RECOVERY_DISABLED","deleteProtectionState":"DELETE_PROTECTION_DISABLED","databaseEdition":"STANDARD","freeTier":true,"realtimeUpdatesMode":"REALTIME_UPDATES_MODE_ENABLED","etag":"IN2W+qW48pADMJTaxrbdjZAD"}
[info] i  firestore: there are 9 indexes defined in your project that are not present in your firestore indexes file. To delete them, run this command with the --force flag. 
[debug] [2025-11-14T20:05:26.671Z] Skipping existing index: {"collectionGroup":"team-submissions","queryScope":"COLLECTION","fields":[{"fieldPath":"challengeId","order":"ASCENDING"},{"fieldPath":"status","order":"ASCENDING"},{"fieldPath":"submittedAt","order":"DESCENDING"},{"fieldPath":"__name__","order":"DESCENDING"}]}
[debug] [2025-11-14T20:05:26.672Z] Skipping existing index: {"collectionGroup":"team-submissions","queryScope":"COLLECTION","fields":[{"fieldPath":"projectTrack","order":"ASCENDING"},{"fieldPath":"averageScore","order":"DESCENDING"},{"fieldPath":"__name__","order":"DESCENDING"}]}
[debug] [2025-11-14T20:05:26.672Z] Creating new index: {"collectionGroup":"team-submissions","queryScope":"COLLECTION","fields":[{"fieldPath":"challengeId","order":"ASCENDING"},{"fieldPath":"averageScore","order":"DESCENDING"},{"fieldPath":"__name__","order":"DESCENDING"}]}
[debug] [2025-11-14T20:05:26.672Z] Checked if tokens are valid: true, expires at: 1763154166565
[debug] [2025-11-14T20:05:26.672Z] Checked if tokens are valid: true, expires at: 1763154166565
[debug] [2025-11-14T20:05:26.672Z] >>> [apiv2][query] POST https://firestore.googleapis.com/v1/projects/hackathon-rwa-nexus/databases/(default)/collectionGroups/team-submissions/indexes [none]
[debug] [2025-11-14T20:05:26.672Z] >>> [apiv2][body] POST https://firestore.googleapis.com/v1/projects/hackathon-rwa-nexus/databases/(default)/collectionGroups/team-submissions/indexes {"fields":[{"fieldPath":"challengeId","order":"ASCENDING"},{"fieldPath":"averageScore","order":"DESCENDING"},{"fieldPath":"__name__","order":"DESCENDING"}],"queryScope":"COLLECTION"}
[debug] [2025-11-14T20:06:26.456Z] <<< [apiv2][status] POST https://firestore.googleapis.com/v1/projects/hackathon-rwa-nexus/databases/(default)/collectionGroups/team-submissions/indexes 500
[debug] [2025-11-14T20:06:26.456Z] <<< [apiv2][body] POST https://firestore.googleapis.com/v1/projects/hackathon-rwa-nexus/databases/(default)/collectionGroups/team-submissions/indexes {"error":{"code":500,"message":"Internal error encountered.","status":"INTERNAL"}}
[error] 
[error] Error: Request to https://firestore.googleapis.com/v1/projects/hackathon-rwa-nexus/databases/(default)/collectionGroups/team-submissions/indexes had HTTP Error: 500, Internal error encountered.
[debug] [2025-11-14T20:06:26.486Z] Error Context: {
  "body": {
    "error": {
      "code": 500,
      "message": "Internal error encountered.",
      "status": "INTERNAL"
    }
  },
  "response": {
    "statusCode": 500
  }
}
[debug] [2025-11-14T20:07:06.460Z] ----------------------------------------------------------------------
[debug] [2025-11-14T20:07:06.462Z] Command:       /home/reyerchu/.nvm/versions/node/v20.19.5/bin/node /home/reyerchu/.nvm/versions/node/v20.19.5/bin/firebase deploy --only firestore:indexes --project hackathon-rwa-nexus
[debug] [2025-11-14T20:07:06.462Z] CLI Version:   14.25.0
[debug] [2025-11-14T20:07:06.462Z] Platform:      linux
[debug] [2025-11-14T20:07:06.462Z] Node Version:  v20.19.5
[debug] [2025-11-14T20:07:06.462Z] Time:          Sat Nov 15 2025 04:07:06 GMT+0800 (Taiwan Standard Time)
[debug] [2025-11-14T20:07:06.462Z] ----------------------------------------------------------------------
[debug] 
[debug] [2025-11-14T20:07:06.592Z] > command requires scopes: ["email","openid","https://www.googleapis.com/auth/cloudplatformprojects.readonly","https://www.googleapis.com/auth/firebase","https://www.googleapis.com/auth/cloud-platform"]
[debug] [2025-11-14T20:07:06.592Z] > authorizing via signed-in user (reyerchu@defintek.io)
[debug] [2025-11-14T20:07:06.592Z] [iam] checking project hackathon-rwa-nexus for permissions ["datastore.indexes.create","datastore.indexes.delete","datastore.indexes.list","datastore.indexes.update","firebase.projects.get"]
[debug] [2025-11-14T20:07:06.593Z] Checked if tokens are valid: true, expires at: 1763154166565
[debug] [2025-11-14T20:07:06.593Z] Checked if tokens are valid: true, expires at: 1763154166565
[debug] [2025-11-14T20:07:06.593Z] >>> [apiv2][query] POST https://cloudresourcemanager.googleapis.com/v1/projects/hackathon-rwa-nexus:testIamPermissions [none]
[debug] [2025-11-14T20:07:06.593Z] >>> [apiv2][(partial)header] POST https://cloudresourcemanager.googleapis.com/v1/projects/hackathon-rwa-nexus:testIamPermissions x-goog-quota-user=projects/hackathon-rwa-nexus
[debug] [2025-11-14T20:07:06.594Z] >>> [apiv2][body] POST https://cloudresourcemanager.googleapis.com/v1/projects/hackathon-rwa-nexus:testIamPermissions {"permissions":["datastore.indexes.create","datastore.indexes.delete","datastore.indexes.list","datastore.indexes.update","firebase.projects.get"]}
[debug] [2025-11-14T20:07:06.867Z] <<< [apiv2][status] POST https://cloudresourcemanager.googleapis.com/v1/projects/hackathon-rwa-nexus:testIamPermissions 200
[debug] [2025-11-14T20:07:06.868Z] <<< [apiv2][body] POST https://cloudresourcemanager.googleapis.com/v1/projects/hackathon-rwa-nexus:testIamPermissions {"permissions":["datastore.indexes.create","datastore.indexes.delete","datastore.indexes.list","datastore.indexes.update","firebase.projects.get"]}
[info] 
[info] === Deploying to 'hackathon-rwa-nexus'...
[info] 
[info] i  deploying firestore 
[info] i  firestore: ensuring required API firestore.googleapis.com is enabled... 
[info] i  firestore: ensuring required API firestore.googleapis.com is enabled... 
[debug] [2025-11-14T20:07:06.870Z] Checked if tokens are valid: true, expires at: 1763154166565
[debug] [2025-11-14T20:07:06.870Z] Checked if tokens are valid: true, expires at: 1763154166565
[debug] [2025-11-14T20:07:06.870Z] >>> [apiv2][query] GET https://firestore.googleapis.com/v1/projects/hackathon-rwa-nexus/databases/(default) [none]
[debug] [2025-11-14T20:07:07.927Z] <<< [apiv2][status] GET https://firestore.googleapis.com/v1/projects/hackathon-rwa-nexus/databases/(default) 200
[debug] [2025-11-14T20:07:07.927Z] <<< [apiv2][body] GET https://firestore.googleapis.com/v1/projects/hackathon-rwa-nexus/databases/(default) {"name":"projects/hackathon-rwa-nexus/databases/(default)","uid":"3f40189f-489e-4068-baf7-852bf105aaf9","createTime":"2025-09-30T23:39:54.456445Z","updateTime":"2025-09-30T23:39:54.456445Z","locationId":"nam5","type":"FIRESTORE_NATIVE","concurrencyMode":"PESSIMISTIC","versionRetentionPeriod":"3600s","earliestVersionTime":"2025-11-14T19:07:07.854718Z","appEngineIntegrationMode":"DISABLED","keyPrefix":"s","pointInTimeRecoveryEnablement":"POINT_IN_TIME_RECOVERY_DISABLED","deleteProtectionState":"DELETE_PROTECTION_DISABLED","databaseEdition":"STANDARD","freeTier":true,"realtimeUpdatesMode":"REALTIME_UPDATES_MODE_ENABLED","etag":"IICynta48pADMJTaxrbdjZAD"}
[info] i  firestore: reading indexes from firestore.indexes.json... 
[info] i  firestore: deploying indexes... 
[debug] [2025-11-14T20:07:07.929Z] Checked if tokens are valid: true, expires at: 1763154166565
[debug] [2025-11-14T20:07:07.929Z] Checked if tokens are valid: true, expires at: 1763154166565
[debug] [2025-11-14T20:07:07.929Z] >>> [apiv2][query] GET https://firestore.googleapis.com/v1/projects/hackathon-rwa-nexus/databases/(default)/collectionGroups/-/indexes [none]
[debug] [2025-11-14T20:07:08.159Z] <<< [apiv2][status] GET https://firestore.googleapis.com/v1/projects/hackathon-rwa-nexus/databases/(default)/collectionGroups/-/indexes 200
[debug] [2025-11-14T20:07:08.159Z] <<< [apiv2][body] GET https://firestore.googleapis.com/v1/projects/hackathon-rwa-nexus/databases/(default)/collectionGroups/-/indexes {"indexes":[{"name":"projects/hackathon-rwa-nexus/databases/(default)/collectionGroups/team-submissions/indexes/CICAgLiIkYMJ","queryScope":"COLLECTION","fields":[{"fieldPath":"challengeId","order":"ASCENDING"},{"fieldPath":"averageScore","order":"DESCENDING"},{"fieldPath":"__name__","order":"DESCENDING"}],"state":"CREATING","density":"SPARSE_ALL"},{"name":"projects/hackathon-rwa-nexus/databases/(default)/collectionGroups/teamNeeds/indexes/CICAgOjXh4EK","queryScope":"COLLECTION","fields":[{"fieldPath":"isHidden","order":"ASCENDING"},{"fieldPath":"updatedAt","order":"DESCENDING"},{"fieldPath":"__name__","order":"DESCENDING"}],"state":"READY","density":"SPARSE_ALL"},{"name":"projects/hackathon-rwa-nexus/databases/(default)/collectionGroups/team-delete-requests/indexes/CICAgNiroIEK","queryScope":"COLLECTION","fields":[{"fieldPath":"status","order":"ASCENDING"},{"fieldPath":"requestedAt","order":"DESCENDING"},{"fieldPath":"__name__","order":"DESCENDING"}],"state":"READY","density":"SPARSE_ALL"},{"name":"projects/hackathon-rwa-nexus/databases/(default)/collectionGroups/teamNeeds/indexes/CICAgNjpgYIK","queryScope":"COLLECTION","fields":[{"fieldPath":"rolesNeeded","arrayConfig":"CONTAINS"},{"fieldPath":"isHidden","order":"ASCENDING"},{"fieldPath":"isOpen","order":"ASCENDING"},{"fieldPath":"updatedAt","order":"DESCENDING"},{"fieldPath":"__name__","order":"DESCENDING"}],"state":"READY","density":"SPARSE_ALL"},{"name":"projects/hackathon-rwa-nexus/databases/(default)/collectionGroups/sponsor-notifications/indexes/CICAgLiIkYMK","queryScope":"COLLECTION","fields":[{"fieldPath":"recipientId","order":"ASCENDING"},{"fieldPath":"createdAt","order":"DESCENDING"},{"fieldPath":"__name__","order":"DESCENDING"}],"state":"READY","density":"SPARSE_ALL"},{"name":"projects/hackathon-rwa-nexus/databases/(default)/collectionGroups/teamNeeds/indexes/CICAgJiUpoMK","queryScope":"COLLECTION","fields":[{"fieldPath":"ownerUserId","order":"ASCENDING"},{"fieldPath":"createdAt","order":"DESCENDING"},{"fieldPath":"__name__","order":"DESCENDING"}],"state":"READY","density":"SPARSE_ALL"},{"name":"projects/hackathon-rwa-nexus/databases/(default)/collectionGroups/team-submissions/indexes/CICAgJiHgokK","queryScope":"COLLECTION","fields":[{"fieldPath":"challengeId","order":"ASCENDING"},{"fieldPath":"status","order":"ASCENDING"},{"fieldPath":"submittedAt","order":"DESCENDING"},{"fieldPath":"__name__","order":"DESCENDING"}],"state":"READY","density":"SPARSE_ALL"},{"name":"projects/hackathon-rwa-nexus/databases/(default)/collectionGroups/teamApplications/indexes/CICAgOi3kJAK","queryScope":"COLLECTION","fields":[{"fieldPath":"applicantUserId","order":"ASCENDING"},{"fieldPath":"createdAt","order":"DESCENDING"},{"fieldPath":"__name__","order":"DESCENDING"}],"state":"READY","density":"SPARSE_ALL"},{"name":"projects/hackathon-rwa-nexus/databases/(default)/collectionGroups/sponsor-notifications/indexes/CICAgJjmiJEK","queryScope":"COLLECTION","fields":[{"fieldPath":"recipientId","order":"ASCENDING"},{"fieldPath":"isRead","order":"ASCENDING"},{"fieldPath":"createdAt","order":"DESCENDING"},{"fieldPath":"__name__","order":"DESCENDING"}],"state":"READY","density":"SPARSE_ALL"},{"name":"projects/hackathon-rwa-nexus/databases/(default)/collectionGroups/team-submissions/indexes/CICAgNjaxJEK","queryScope":"COLLECTION","fields":[{"fieldPath":"projectTrack","order":"ASCENDING"},{"fieldPath":"averageScore","order":"DESCENDING"},{"fieldPath":"__name__","order":"DESCENDING"}],"state":"READY","density":"SPARSE_ALL"},{"name":"projects/hackathon-rwa-nexus/databases/(default)/collectionGroups/teamNeeds/indexes/CICAgJiUsZIK","queryScope":"COLLECTION","fields":[{"fieldPath":"isHidden","order":"ASCENDING"},{"fieldPath":"isOpen","order":"ASCENDING"},{"fieldPath":"updatedAt","order":"DESCENDING"},{"fieldPath":"__name__","order":"DESCENDING"}],"state":"READY","density":"SPARSE_ALL"},{"name":"projects/hackathon-rwa-nexus/databases/(default)/collectionGroups/teamNeeds/indexes/CICAgJjFqZMK","queryScope":"COLLECTION","fields":[{"fieldPath":"isHidden","order":"ASCENDING"},{"fieldPath":"ownerUserId","order":"ASCENDING"},{"fieldPath":"createdAt","order":"DESCENDING"},{"fieldPath":"__name__","order":"DESCENDING"}],"state":"READY","density":"SPARSE_ALL"}]}
[debug] [2025-11-14T20:07:08.159Z] Checked if tokens are valid: true, expires at: 1763154166565
[debug] [2025-11-14T20:07:08.159Z] Checked if tokens are valid: true, expires at: 1763154166565
[debug] [2025-11-14T20:07:08.160Z] >>> [apiv2][query] GET https://firestore.googleapis.com/v1/projects/hackathon-rwa-nexus/databases/(default)/collectionGroups/-/fields?filter=indexConfig.usesAncestorConfig=false OR ttlConfig:* [none]
[debug] [2025-11-14T20:07:08.363Z] <<< [apiv2][status] GET https://firestore.googleapis.com/v1/projects/hackathon-rwa-nexus/databases/(default)/collectionGroups/-/fields?filter=indexConfig.usesAncestorConfig=false OR ttlConfig:* 200
[debug] [2025-11-14T20:07:08.363Z] <<< [apiv2][body] GET https://firestore.googleapis.com/v1/projects/hackathon-rwa-nexus/databases/(default)/collectionGroups/-/fields?filter=indexConfig.usesAncestorConfig=false OR ttlConfig:* {"fields":[{"name":"projects/hackathon-rwa-nexus/databases/(default)/collectionGroups/__default__/fields/*","indexConfig":{"indexes":[{"queryScope":"COLLECTION","fields":[{"fieldPath":"*","order":"ASCENDING"}],"state":"READY"},{"queryScope":"COLLECTION","fields":[{"fieldPath":"*","order":"DESCENDING"}],"state":"READY"},{"queryScope":"COLLECTION","fields":[{"fieldPath":"*","arrayConfig":"CONTAINS"}],"state":"READY"}]}}]}
[debug] [2025-11-14T20:07:08.363Z] Checked if tokens are valid: true, expires at: 1763154166565
[debug] [2025-11-14T20:07:08.363Z] Checked if tokens are valid: true, expires at: 1763154166565
[debug] [2025-11-14T20:07:08.363Z] >>> [apiv2][query] GET https://firestore.googleapis.com/v1/projects/hackathon-rwa-nexus/databases/(default) [none]
[debug] [2025-11-14T20:07:08.553Z] <<< [apiv2][status] GET https://firestore.googleapis.com/v1/projects/hackathon-rwa-nexus/databases/(default) 200
[debug] [2025-11-14T20:07:08.553Z] <<< [apiv2][body] GET https://firestore.googleapis.com/v1/projects/hackathon-rwa-nexus/databases/(default) {"name":"projects/hackathon-rwa-nexus/databases/(default)","uid":"3f40189f-489e-4068-baf7-852bf105aaf9","createTime":"2025-09-30T23:39:54.456445Z","updateTime":"2025-09-30T23:39:54.456445Z","locationId":"nam5","type":"FIRESTORE_NATIVE","concurrencyMode":"PESSIMISTIC","versionRetentionPeriod":"3600s","earliestVersionTime":"2025-11-14T19:07:08.480451Z","appEngineIntegrationMode":"DISABLED","keyPrefix":"s","pointInTimeRecoveryEnablement":"POINT_IN_TIME_RECOVERY_DISABLED","deleteProtectionState":"DELETE_PROTECTION_DISABLED","databaseEdition":"STANDARD","freeTier":true,"realtimeUpdatesMode":"REALTIME_UPDATES_MODE_ENABLED","etag":"IPPJxNa48pADMJTaxrbdjZAD"}
[info] i  firestore: there are 9 indexes defined in your project that are not present in your firestore indexes file. To delete them, run this command with the --force flag. 
[debug] [2025-11-14T20:07:08.554Z] Skipping existing index: {"collectionGroup":"team-submissions","queryScope":"COLLECTION","fields":[{"fieldPath":"challengeId","order":"ASCENDING"},{"fieldPath":"status","order":"ASCENDING"},{"fieldPath":"submittedAt","order":"DESCENDING"},{"fieldPath":"__name__","order":"DESCENDING"}]}
[debug] [2025-11-14T20:07:08.554Z] Skipping existing index: {"collectionGroup":"team-submissions","queryScope":"COLLECTION","fields":[{"fieldPath":"projectTrack","order":"ASCENDING"},{"fieldPath":"averageScore","order":"DESCENDING"},{"fieldPath":"__name__","order":"DESCENDING"}]}
[debug] [2025-11-14T20:07:08.554Z] Skipping existing index: {"collectionGroup":"team-submissions","queryScope":"COLLECTION","fields":[{"fieldPath":"challengeId","order":"ASCENDING"},{"fieldPath":"averageScore","order":"DESCENDING"},{"fieldPath":"__name__","order":"DESCENDING"}]}
[debug] [2025-11-14T20:07:08.554Z] Creating new index: {"collectionGroup":"team-submissions","queryScope":"COLLECTION","fields":[{"fieldPath":"status","order":"ASCENDING"},{"fieldPath":"submittedAt","order":"DESCENDING"},{"fieldPath":"__name__","order":"DESCENDING"}]}
[debug] [2025-11-14T20:07:08.554Z] Checked if tokens are valid: true, expires at: 1763154166565
[debug] [2025-11-14T20:07:08.554Z] Checked if tokens are valid: true, expires at: 1763154166565
[debug] [2025-11-14T20:07:08.554Z] >>> [apiv2][query] POST https://firestore.googleapis.com/v1/projects/hackathon-rwa-nexus/databases/(default)/collectionGroups/team-submissions/indexes [none]
[debug] [2025-11-14T20:07:08.554Z] >>> [apiv2][body] POST https://firestore.googleapis.com/v1/projects/hackathon-rwa-nexus/databases/(default)/collectionGroups/team-submissions/indexes {"fields":[{"fieldPath":"status","order":"ASCENDING"},{"fieldPath":"submittedAt","order":"DESCENDING"},{"fieldPath":"__name__","order":"DESCENDING"}],"queryScope":"COLLECTION"}
[debug] [2025-11-14T20:07:53.264Z] <<< [apiv2][status] POST https://firestore.googleapis.com/v1/projects/hackathon-rwa-nexus/databases/(default)/collectionGroups/team-submissions/indexes 200
[debug] [2025-11-14T20:07:53.264Z] <<< [apiv2][body] POST https://firestore.googleapis.com/v1/projects/hackathon-rwa-nexus/databases/(default)/collectionGroups/team-submissions/indexes {"name":"projects/hackathon-rwa-nexus/databases/(default)/operations/S2dJbm1qSmdBQ0lDDCoDIGEyMmU0NGQ0MDE5Ni1kMzVhLTE2NDQtNGQwNi03MDc2MDMwZiQac2VuaWxlcGlwCQpBEg","metadata":{"@type":"type.googleapis.com/google.firestore.admin.v1.IndexOperationMetadata","startTime":"2025-11-14T20:07:08.757529Z","index":"projects/hackathon-rwa-nexus/databases/(default)/collectionGroups/team-submissions/indexes/CICAgJjmnIgK","state":"INITIALIZING"}}
[debug] [2025-11-14T20:07:53.264Z] Creating new index: {"collectionGroup":"sponsor-user-mappings","queryScope":"COLLECTION","fields":[{"fieldPath":"userId","order":"ASCENDING"},{"fieldPath":"sponsorId","order":"ASCENDING"}]}
[debug] [2025-11-14T20:07:53.264Z] Checked if tokens are valid: true, expires at: 1763154166565
[debug] [2025-11-14T20:07:53.264Z] Checked if tokens are valid: true, expires at: 1763154166565
[debug] [2025-11-14T20:07:53.265Z] >>> [apiv2][query] POST https://firestore.googleapis.com/v1/projects/hackathon-rwa-nexus/databases/(default)/collectionGroups/sponsor-user-mappings/indexes [none]
[debug] [2025-11-14T20:07:53.265Z] >>> [apiv2][body] POST https://firestore.googleapis.com/v1/projects/hackathon-rwa-nexus/databases/(default)/collectionGroups/sponsor-user-mappings/indexes {"fields":[{"fieldPath":"userId","order":"ASCENDING"},{"fieldPath":"sponsorId","order":"ASCENDING"}],"queryScope":"COLLECTION"}
[debug] [2025-11-14T20:08:53.109Z] <<< [apiv2][status] POST https://firestore.googleapis.com/v1/projects/hackathon-rwa-nexus/databases/(default)/collectionGroups/sponsor-user-mappings/indexes 500
[debug] [2025-11-14T20:08:53.109Z] <<< [apiv2][body] POST https://firestore.googleapis.com/v1/projects/hackathon-rwa-nexus/databases/(default)/collectionGroups/sponsor-user-mappings/indexes {"error":{"code":500,"message":"Internal error encountered.","status":"INTERNAL"}}
[error] 
[error] Error: Request to https://firestore.googleapis.com/v1/projects/hackathon-rwa-nexus/databases/(default)/collectionGroups/sponsor-user-mappings/indexes had HTTP Error: 500, Internal error encountered.
[debug] [2025-11-14T20:08:53.140Z] Error Context: {
  "body": {
    "error": {
      "code": 500,
      "message": "Internal error encountered.",
      "status": "INTERNAL"
    }
  },
  "response": {
    "statusCode": 500
  }
}
[debug] [2025-11-14T20:09:16.057Z] ----------------------------------------------------------------------
[debug] [2025-11-14T20:09:16.059Z] Command:       /home/reyerchu/.nvm/versions/node/v20.19.5/bin/node /home/reyerchu/.nvm/versions/node/v20.19.5/bin/firebase deploy --only firestore:indexes --project hackathon-rwa-nexus
[debug] [2025-11-14T20:09:16.059Z] CLI Version:   14.25.0
[debug] [2025-11-14T20:09:16.059Z] Platform:      linux
[debug] [2025-11-14T20:09:16.059Z] Node Version:  v20.19.5
[debug] [2025-11-14T20:09:16.059Z] Time:          Sat Nov 15 2025 04:09:16 GMT+0800 (Taiwan Standard Time)
[debug] [2025-11-14T20:09:16.060Z] ----------------------------------------------------------------------
[debug] 
[debug] [2025-11-14T20:09:16.192Z] > command requires scopes: ["email","openid","https://www.googleapis.com/auth/cloudplatformprojects.readonly","https://www.googleapis.com/auth/firebase","https://www.googleapis.com/auth/cloud-platform"]
[debug] [2025-11-14T20:09:16.192Z] > authorizing via signed-in user (reyerchu@defintek.io)
[debug] [2025-11-14T20:09:16.192Z] [iam] checking project hackathon-rwa-nexus for permissions ["datastore.indexes.create","datastore.indexes.delete","datastore.indexes.list","datastore.indexes.update","firebase.projects.get"]
[debug] [2025-11-14T20:09:16.193Z] Checked if tokens are valid: true, expires at: 1763154166565
[debug] [2025-11-14T20:09:16.193Z] Checked if tokens are valid: true, expires at: 1763154166565
[debug] [2025-11-14T20:09:16.194Z] >>> [apiv2][query] POST https://cloudresourcemanager.googleapis.com/v1/projects/hackathon-rwa-nexus:testIamPermissions [none]
[debug] [2025-11-14T20:09:16.194Z] >>> [apiv2][(partial)header] POST https://cloudresourcemanager.googleapis.com/v1/projects/hackathon-rwa-nexus:testIamPermissions x-goog-quota-user=projects/hackathon-rwa-nexus
[debug] [2025-11-14T20:09:16.194Z] >>> [apiv2][body] POST https://cloudresourcemanager.googleapis.com/v1/projects/hackathon-rwa-nexus:testIamPermissions {"permissions":["datastore.indexes.create","datastore.indexes.delete","datastore.indexes.list","datastore.indexes.update","firebase.projects.get"]}
[debug] [2025-11-14T20:09:17.025Z] <<< [apiv2][status] POST https://cloudresourcemanager.googleapis.com/v1/projects/hackathon-rwa-nexus:testIamPermissions 200
[debug] [2025-11-14T20:09:17.025Z] <<< [apiv2][body] POST https://cloudresourcemanager.googleapis.com/v1/projects/hackathon-rwa-nexus:testIamPermissions {"permissions":["datastore.indexes.create","datastore.indexes.delete","datastore.indexes.list","datastore.indexes.update","firebase.projects.get"]}
[info] 
[info] === Deploying to 'hackathon-rwa-nexus'...
[info] 
[info] i  deploying firestore 
[info] i  firestore: ensuring required API firestore.googleapis.com is enabled... 
[info] i  firestore: ensuring required API firestore.googleapis.com is enabled... 
[debug] [2025-11-14T20:09:17.027Z] Checked if tokens are valid: true, expires at: 1763154166565
[debug] [2025-11-14T20:09:17.027Z] Checked if tokens are valid: true, expires at: 1763154166565
[debug] [2025-11-14T20:09:17.027Z] >>> [apiv2][query] GET https://firestore.googleapis.com/v1/projects/hackathon-rwa-nexus/databases/(default) [none]
[debug] [2025-11-14T20:09:18.081Z] <<< [apiv2][status] GET https://firestore.googleapis.com/v1/projects/hackathon-rwa-nexus/databases/(default) 200
[debug] [2025-11-14T20:09:18.081Z] <<< [apiv2][body] GET https://firestore.googleapis.com/v1/projects/hackathon-rwa-nexus/databases/(default) {"name":"projects/hackathon-rwa-nexus/databases/(default)","uid":"3f40189f-489e-4068-baf7-852bf105aaf9","createTime":"2025-09-30T23:39:54.456445Z","updateTime":"2025-09-30T23:39:54.456445Z","locationId":"nam5","type":"FIRESTORE_NATIVE","concurrencyMode":"PESSIMISTIC","versionRetentionPeriod":"3600s","earliestVersionTime":"2025-11-14T19:09:18.007134Z","appEngineIntegrationMode":"DISABLED","keyPrefix":"s","pointInTimeRecoveryEnablement":"POINT_IN_TIME_RECOVERY_DISABLED","deleteProtectionState":"DELETE_PROTECTION_DISABLED","databaseEdition":"STANDARD","freeTier":true,"realtimeUpdatesMode":"REALTIME_UPDATES_MODE_ENABLED","etag":"IJ+ippS58pADMJTaxrbdjZAD"}
[info] i  firestore: reading indexes from firestore.indexes.json... 
[info] i  firestore: deploying indexes... 
[debug] [2025-11-14T20:09:18.082Z] Checked if tokens are valid: true, expires at: 1763154166565
[debug] [2025-11-14T20:09:18.082Z] Checked if tokens are valid: true, expires at: 1763154166565
[debug] [2025-11-14T20:09:18.082Z] >>> [apiv2][query] GET https://firestore.googleapis.com/v1/projects/hackathon-rwa-nexus/databases/(default)/collectionGroups/-/indexes [none]
[debug] [2025-11-14T20:09:18.301Z] <<< [apiv2][status] GET https://firestore.googleapis.com/v1/projects/hackathon-rwa-nexus/databases/(default)/collectionGroups/-/indexes 200
[debug] [2025-11-14T20:09:18.301Z] <<< [apiv2][body] GET https://firestore.googleapis.com/v1/projects/hackathon-rwa-nexus/databases/(default)/collectionGroups/-/indexes {"indexes":[{"name":"projects/hackathon-rwa-nexus/databases/(default)/collectionGroups/team-submissions/indexes/CICAgLiIkYMJ","queryScope":"COLLECTION","fields":[{"fieldPath":"challengeId","order":"ASCENDING"},{"fieldPath":"averageScore","order":"DESCENDING"},{"fieldPath":"__name__","order":"DESCENDING"}],"state":"CREATING","density":"SPARSE_ALL"},{"name":"projects/hackathon-rwa-nexus/databases/(default)/collectionGroups/sponsor-user-mappings/indexes/CICAgLjy8IAK","queryScope":"COLLECTION","fields":[{"fieldPath":"userId","order":"ASCENDING"},{"fieldPath":"sponsorId","order":"ASCENDING"},{"fieldPath":"__name__","order":"ASCENDING"}],"state":"CREATING","density":"SPARSE_ALL"},{"name":"projects/hackathon-rwa-nexus/databases/(default)/collectionGroups/teamNeeds/indexes/CICAgOjXh4EK","queryScope":"COLLECTION","fields":[{"fieldPath":"isHidden","order":"ASCENDING"},{"fieldPath":"updatedAt","order":"DESCENDING"},{"fieldPath":"__name__","order":"DESCENDING"}],"state":"READY","density":"SPARSE_ALL"},{"name":"projects/hackathon-rwa-nexus/databases/(default)/collectionGroups/team-delete-requests/indexes/CICAgNiroIEK","queryScope":"COLLECTION","fields":[{"fieldPath":"status","order":"ASCENDING"},{"fieldPath":"requestedAt","order":"DESCENDING"},{"fieldPath":"__name__","order":"DESCENDING"}],"state":"READY","density":"SPARSE_ALL"},{"name":"projects/hackathon-rwa-nexus/databases/(default)/collectionGroups/teamNeeds/indexes/CICAgNjpgYIK","queryScope":"COLLECTION","fields":[{"fieldPath":"rolesNeeded","arrayConfig":"CONTAINS"},{"fieldPath":"isHidden","order":"ASCENDING"},{"fieldPath":"isOpen","order":"ASCENDING"},{"fieldPath":"updatedAt","order":"DESCENDING"},{"fieldPath":"__name__","order":"DESCENDING"}],"state":"READY","density":"SPARSE_ALL"},{"name":"projects/hackathon-rwa-nexus/databases/(default)/collectionGroups/sponsor-notifications/indexes/CICAgLiIkYMK","queryScope":"COLLECTION","fields":[{"fieldPath":"recipientId","order":"ASCENDING"},{"fieldPath":"createdAt","order":"DESCENDING"},{"fieldPath":"__name__","order":"DESCENDING"}],"state":"READY","density":"SPARSE_ALL"},{"name":"projects/hackathon-rwa-nexus/databases/(default)/collectionGroups/teamNeeds/indexes/CICAgJiUpoMK","queryScope":"COLLECTION","fields":[{"fieldPath":"ownerUserId","order":"ASCENDING"},{"fieldPath":"createdAt","order":"DESCENDING"},{"fieldPath":"__name__","order":"DESCENDING"}],"state":"READY","density":"SPARSE_ALL"},{"name":"projects/hackathon-rwa-nexus/databases/(default)/collectionGroups/team-submissions/indexes/CICAgJjmnIgK","queryScope":"COLLECTION","fields":[{"fieldPath":"status","order":"ASCENDING"},{"fieldPath":"submittedAt","order":"DESCENDING"},{"fieldPath":"__name__","order":"DESCENDING"}],"state":"CREATING","density":"SPARSE_ALL"},{"name":"projects/hackathon-rwa-nexus/databases/(default)/collectionGroups/team-submissions/indexes/CICAgJiHgokK","queryScope":"COLLECTION","fields":[{"fieldPath":"challengeId","order":"ASCENDING"},{"fieldPath":"status","order":"ASCENDING"},{"fieldPath":"submittedAt","order":"DESCENDING"},{"fieldPath":"__name__","order":"DESCENDING"}],"state":"READY","density":"SPARSE_ALL"},{"name":"projects/hackathon-rwa-nexus/databases/(default)/collectionGroups/teamApplications/indexes/CICAgOi3kJAK","queryScope":"COLLECTION","fields":[{"fieldPath":"applicantUserId","order":"ASCENDING"},{"fieldPath":"createdAt","order":"DESCENDING"},{"fieldPath":"__name__","order":"DESCENDING"}],"state":"READY","density":"SPARSE_ALL"},{"name":"projects/hackathon-rwa-nexus/databases/(default)/collectionGroups/sponsor-notifications/indexes/CICAgJjmiJEK","queryScope":"COLLECTION","fields":[{"fieldPath":"recipientId","order":"ASCENDING"},{"fieldPath":"isRead","order":"ASCENDING"},{"fieldPath":"createdAt","order":"DESCENDING"},{"fieldPath":"__name__","order":"DESCENDING"}],"state":"READY","density":"SPARSE_ALL"},{"name":"projects/hackathon-rwa-nexus/databases/(default)/collectionGroups/team-submissions/indexes/CICAgNjaxJEK","queryScope":"COLLECTION","fields":[{"fieldPath":"projectTrack","order":"ASCENDING"},{"fieldPath":"averageScore","order":"DESCENDING"},{"fieldPath":"__name__","order":"DESCENDING"}],"state":"READY","density":"SPARSE_ALL"},{"name":"projects/hackathon-rwa-nexus/databases/(default)/collectionGroups/teamNeeds/indexes/CICAgJiUsZIK","queryScope":"COLLECTION","fields":[{"fieldPath":"isHidden","order":"ASCENDING"},{"fieldPath":"isOpen","order":"ASCENDING"},{"fieldPath":"updatedAt","order":"DESCENDING"},{"fieldPath":"__name__","order":"DESCENDING"}],"state":"READY","density":"SPARSE_ALL"},{"name":"projects/hackathon-rwa-nexus/databases/(default)/collectionGroups/teamNeeds/indexes/CICAgJjFqZMK","queryScope":"COLLECTION","fields":[{"fieldPath":"isHidden","order":"ASCENDING"},{"fieldPath":"ownerUserId","order":"ASCENDING"},{"fieldPath":"createdAt","order":"DESCENDING"},{"fieldPath":"__name__","order":"DESCENDING"}],"state":"READY","density":"SPARSE_ALL"}]}
[debug] [2025-11-14T20:09:18.302Z] Checked if tokens are valid: true, expires at: 1763154166565
[debug] [2025-11-14T20:09:18.302Z] Checked if tokens are valid: true, expires at: 1763154166565
[debug] [2025-11-14T20:09:18.302Z] >>> [apiv2][query] GET https://firestore.googleapis.com/v1/projects/hackathon-rwa-nexus/databases/(default)/collectionGroups/-/fields?filter=indexConfig.usesAncestorConfig=false OR ttlConfig:* [none]
[debug] [2025-11-14T20:09:18.505Z] <<< [apiv2][status] GET https://firestore.googleapis.com/v1/projects/hackathon-rwa-nexus/databases/(default)/collectionGroups/-/fields?filter=indexConfig.usesAncestorConfig=false OR ttlConfig:* 200
[debug] [2025-11-14T20:09:18.505Z] <<< [apiv2][body] GET https://firestore.googleapis.com/v1/projects/hackathon-rwa-nexus/databases/(default)/collectionGroups/-/fields?filter=indexConfig.usesAncestorConfig=false OR ttlConfig:* {"fields":[{"name":"projects/hackathon-rwa-nexus/databases/(default)/collectionGroups/__default__/fields/*","indexConfig":{"indexes":[{"queryScope":"COLLECTION","fields":[{"fieldPath":"*","order":"ASCENDING"}],"state":"READY"},{"queryScope":"COLLECTION","fields":[{"fieldPath":"*","order":"DESCENDING"}],"state":"READY"},{"queryScope":"COLLECTION","fields":[{"fieldPath":"*","arrayConfig":"CONTAINS"}],"state":"READY"}]}}]}
[debug] [2025-11-14T20:09:18.506Z] Checked if tokens are valid: true, expires at: 1763154166565
[debug] [2025-11-14T20:09:18.506Z] Checked if tokens are valid: true, expires at: 1763154166565
[debug] [2025-11-14T20:09:18.506Z] >>> [apiv2][query] GET https://firestore.googleapis.com/v1/projects/hackathon-rwa-nexus/databases/(default) [none]
[debug] [2025-11-14T20:09:18.696Z] <<< [apiv2][status] GET https://firestore.googleapis.com/v1/projects/hackathon-rwa-nexus/databases/(default) 200
[debug] [2025-11-14T20:09:18.696Z] <<< [apiv2][body] GET https://firestore.googleapis.com/v1/projects/hackathon-rwa-nexus/databases/(default) {"name":"projects/hackathon-rwa-nexus/databases/(default)","uid":"3f40189f-489e-4068-baf7-852bf105aaf9","createTime":"2025-09-30T23:39:54.456445Z","updateTime":"2025-09-30T23:39:54.456445Z","locationId":"nam5","type":"FIRESTORE_NATIVE","concurrencyMode":"PESSIMISTIC","versionRetentionPeriod":"3600s","earliestVersionTime":"2025-11-14T19:09:18.623941Z","appEngineIntegrationMode":"DISABLED","keyPrefix":"s","pointInTimeRecoveryEnablement":"POINT_IN_TIME_RECOVERY_DISABLED","deleteProtectionState":"DELETE_PROTECTION_DISABLED","databaseEdition":"STANDARD","freeTier":true,"realtimeUpdatesMode":"REALTIME_UPDATES_MODE_ENABLED","etag":"IMv1y5S58pADMJTaxrbdjZAD"}
[info] i  firestore: there are 14 indexes defined in your project that are not present in your firestore indexes file. To delete them, run this command with the --force flag. 
[debug] [2025-11-14T20:09:18.697Z] Creating new index: {"collectionGroup":"team-registrations","queryScope":"COLLECTION","fields":[{"fieldPath":"teamLeader.userId","order":"ASCENDING"},{"fieldPath":"createdAt","order":"DESCENDING"}]}
[debug] [2025-11-14T20:09:18.697Z] Checked if tokens are valid: true, expires at: 1763154166565
[debug] [2025-11-14T20:09:18.697Z] Checked if tokens are valid: true, expires at: 1763154166565
[debug] [2025-11-14T20:09:18.698Z] >>> [apiv2][query] POST https://firestore.googleapis.com/v1/projects/hackathon-rwa-nexus/databases/(default)/collectionGroups/team-registrations/indexes [none]
[debug] [2025-11-14T20:09:18.698Z] >>> [apiv2][body] POST https://firestore.googleapis.com/v1/projects/hackathon-rwa-nexus/databases/(default)/collectionGroups/team-registrations/indexes {"fields":[{"fieldPath":"teamLeader.userId","order":"ASCENDING"},{"fieldPath":"createdAt","order":"DESCENDING"}],"queryScope":"COLLECTION"}
[debug] [2025-11-14T20:10:18.485Z] <<< [apiv2][status] POST https://firestore.googleapis.com/v1/projects/hackathon-rwa-nexus/databases/(default)/collectionGroups/team-registrations/indexes 500
[debug] [2025-11-14T20:10:18.485Z] <<< [apiv2][body] POST https://firestore.googleapis.com/v1/projects/hackathon-rwa-nexus/databases/(default)/collectionGroups/team-registrations/indexes {"error":{"code":500,"message":"Internal error encountered.","status":"INTERNAL"}}
[error] 
[error] Error: Request to https://firestore.googleapis.com/v1/projects/hackathon-rwa-nexus/databases/(default)/collectionGroups/team-registrations/indexes had HTTP Error: 500, Internal error encountered.
[debug] [2025-11-14T20:10:18.516Z] Error Context: {
  "body": {
    "error": {
      "code": 500,
      "message": "Internal error encountered.",
      "status": "INTERNAL"
    }
  },
  "response": {
    "statusCode": 500
  }
}
